<?xml version="1.0" encoding="UTF-8"?>
<!-- Generated by org.testng.reporters.JUnitXMLReporter -->
<testsuite ignored="0" hostname="MSI" failures="2" tests="2" name="Test" time="7.806" errors="0" timestamp="2025-01-19T15:59:06 IST">
  <testcase classname="Listeners.ScreenshotTest" name="TakeScreenShot1" time="0.01">
    <failure type="java.lang.AssertionError" message="expected [true] but found [false]">
      <![CDATA[java.lang.AssertionError: expected [true] but found [false]
at Listeners.ScreenshotTest.TakeScreenShot1(ScreenshotTest.java:29)
at java.base/java.util.ArrayList.forEach(ArrayList.java:1596)
... Removed 36 stack frames]]>
    </failure>
  </testcase> <!-- TakeScreenShot1 -->
  <testcase classname="Listeners.ScreenshotTest" name="TakeScreenShot2" time="0.001">
    <failure type="java.lang.AssertionError" message="expected [true] but found [false]">
      <![CDATA[java.lang.AssertionError: expected [true] but found [false]
at Listeners.ScreenshotTest.TakeScreenShot2(ScreenshotTest.java:35)
at java.base/java.util.ArrayList.forEach(ArrayList.java:1596)
... Removed 36 stack frames]]>
    </failure>
  </testcase> <!-- TakeScreenShot2 -->
</testsuite> <!-- Test -->
